Start testing: Nov 07 12:24 MST
----------------------------------------------------------
5/5 Testing: StringTracker::empty - One String in StringTracker
5/5 Test: StringTracker::empty - One String in StringTracker
Command: "/home/bentonchri/classes/fall2025/csc216/thpe/thpe02/bin/stringtest" "StringTracker::empty - One String in StringTracker"
Directory: /home/bentonchri/classes/fall2025/csc216/thpe/thpe02/build
"StringTracker::empty - One String in StringTracker" start time: Nov 07 12:24 MST
Output:
----------------------------------------------------------
Filters: "StringTracker::empty - One String in StringTracker"
Randomness seeded to: 3142719527
===============================================================================
All tests passed (1 assertion in 1 test case)

<end of output>
Test time =   0.00 sec
----------------------------------------------------------
Test Passed.
"StringTracker::empty - One String in StringTracker" end time: Nov 07 12:24 MST
"StringTracker::empty - One String in StringTracker" time elapsed: 00:00:00
----------------------------------------------------------

End testing: Nov 07 12:24 MST
