<?xml version="1.0" encoding="UTF-8"?>
<Site BuildName="(empty)"
	BuildStamp="20251107-1806-Experimental"
	Name="(empty)"
	Generator="ctest-3.28.3"
	CompilerName=""
	CompilerVersion=""
	OSName="Linux"
	Hostname="T-SMD1039432"
	OSRelease="6.6.87.2-microsoft-standard-WSL2"
	OSVersion="#1 SMP PREEMPT_DYNAMIC Thu Jun  5 18:30:46 UTC 2025"
	OSPlatform="x86_64"
	Is64Bits="1"
	VendorString="GenuineIntel"
	VendorID="Intel Corporation"
	FamilyID="6"
	ModelID="154"
	ProcessorCacheSize="24576"
	NumberOfLogicalCPU="20"
	NumberOfPhysicalCPU="10"
	TotalVirtualMemory="4096"
	TotalPhysicalMemory="15841"
	LogicalProcessorsPerPhysical="2"
	ProcessorClockFrequency="1996.81"
	>
	<Testing>
		<StartDateTime>Nov 07 12:24 MST</StartDateTime>
		<StartTestTime>1762543466</StartTestTime>
		<TestList>
			<Test>./StringTracker__empty_-_One_String_in_StringTracker</Test>
		</TestList>
		<Test Status="passed">
			<Name>StringTracker::empty - One String in StringTracker</Name>
			<Path>.</Path>
			<FullName>./StringTracker__empty_-_One_String_in_StringTracker</FullName>
			<FullCommandLine>/home/bentonchri/classes/fall2025/csc216/thpe/thpe02/bin/stringtest "StringTracker::empty - One String in StringTracker"</FullCommandLine>
			<Results>
				<NamedMeasurement type="numeric/double" name="Execution Time">
					<Value>0.00333075</Value>
				</NamedMeasurement>
				<NamedMeasurement type="numeric/double" name="Processors">
					<Value>1</Value>
				</NamedMeasurement>
				<NamedMeasurement type="text/string" name="Completion Status">
					<Value>Completed</Value>
				</NamedMeasurement>
				<NamedMeasurement type="text/string" name="Command Line">
					<Value>/home/bentonchri/classes/fall2025/csc216/thpe/thpe02/bin/stringtest "StringTracker::empty - One String in StringTracker"</Value>
				</NamedMeasurement>
				<NamedMeasurement type="text/string" name="Environment">
					<Value>#CTEST_RESOURCE_GROUP_COUNT=</Value>
				</NamedMeasurement>
				<Measurement>
					<Value encoding="base64" compression="gzip">eJytjrEKwkAQRPv7iiGVFhaXKMEDizS2QvQHjtwih5e9sLuNf6/Ryt6pBt6DmXMuRqIBzdUk8/0mcXqQhEDzYk/scGHCFyEzfqTGjZFTnZlUoUSJEqwGdH7f9v54aHt3+m/cUAqM1BRLVH3vbTzWIpYrrwf9B2OKSlvnXjkUQnc=</Value>
				</Measurement>
			</Results>
		</Test>
		<EndDateTime>Nov 07 12:24 MST</EndDateTime>
		<EndTestTime>1762543466</EndTestTime>
		<ElapsedMinutes>0</ElapsedMinutes>
	</Testing>
</Site>
