<?xml version="1.0" encoding="UTF-8"?>
<Site BuildName="(empty)"
	BuildStamp="20251114-0026-Experimental"
	Name="(empty)"
	Generator="ctest-3.28.3"
	CompilerName=""
	CompilerVersion=""
	OSName="Linux"
	Hostname="T-SMD1039432"
	OSRelease="6.6.87.2-microsoft-standard-WSL2"
	OSVersion="#1 SMP PREEMPT_DYNAMIC Thu Jun  5 18:30:46 UTC 2025"
	OSPlatform="x86_64"
	Is64Bits="1"
	VendorString="GenuineIntel"
	VendorID="Intel Corporation"
	FamilyID="6"
	ModelID="154"
	ProcessorCacheSize="24576"
	NumberOfLogicalCPU="20"
	NumberOfPhysicalCPU="10"
	TotalVirtualMemory="4096"
	TotalPhysicalMemory="15841"
	LogicalProcessorsPerPhysical="2"
	ProcessorClockFrequency="1996.81"
	>
	<Testing>
		<StartDateTime>Nov 14 12:36 MST</StartDateTime>
		<StartTestTime>1763148993</StartTestTime>
		<TestList>
			<Test>./StringTracker__clear_-_Clear_with_0_in_StringTracker</Test>
		</TestList>
		<Test Status="passed">
			<Name>StringTracker::clear - Clear with 0 in StringTracker</Name>
			<Path>.</Path>
			<FullName>./StringTracker__clear_-_Clear_with_0_in_StringTracker</FullName>
			<FullCommandLine>/home/bentonchri/classes/fall2025/csc216/thpe/thpe02/bin/stringtest "StringTracker::clear - Clear with 0 in StringTracker"</FullCommandLine>
			<Results>
				<NamedMeasurement type="numeric/double" name="Execution Time">
					<Value>0.00351426</Value>
				</NamedMeasurement>
				<NamedMeasurement type="numeric/double" name="Processors">
					<Value>1</Value>
				</NamedMeasurement>
				<NamedMeasurement type="text/string" name="Completion Status">
					<Value>Completed</Value>
				</NamedMeasurement>
				<NamedMeasurement type="text/string" name="Command Line">
					<Value>/home/bentonchri/classes/fall2025/csc216/thpe/thpe02/bin/stringtest "StringTracker::clear - Clear with 0 in StringTracker"</Value>
				</NamedMeasurement>
				<NamedMeasurement type="text/string" name="Environment">
					<Value>#CTEST_RESOURCE_GROUP_COUNT=</Value>
				</NamedMeasurement>
				<Measurement>
					<Value encoding="base64" compression="gzip">eJytjrEKAjEQRPv9iuEqLQRzcHgGLETwA05/ICSLBmMiuwv+vt519k4zA29g5pyLsahHdzHJ9XaVEB8s3sfCQbDBafF3tju2yBU/tY6mUFN7VlaFMidOsOYxuv04DP3O0eG/omMpMFZTvILqd27lMAex3Or8zy0YMSiviT5D1kJ+====</Value>
				</Measurement>
			</Results>
		</Test>
		<EndDateTime>Nov 14 12:36 MST</EndDateTime>
		<EndTestTime>1763148994</EndTestTime>
		<ElapsedMinutes>0</ElapsedMinutes>
	</Testing>
</Site>
